<?xml version="1.0" encoding="utf-8"?><testsuites name="pytest tests"><testsuite name="pytest" errors="0" failures="0" skipped="0" tests="61" time="32.221" timestamp="2026-05-03T11:47:24.501763+00:00" hostname="agent-env-672ea812-b0f3-446b-ab66-156e0a3daa82"><testcase classname="backend.tests.test_bike_admin.TestBikeAdminCrud" name="test_create_bike_with_colors_and_specs" time="0.225" /><testcase classname="backend.tests.test_bike_admin.TestBikeAdminCrud" name="test_update_bike_colors_and_specs" time="0.326" /><testcase classname="backend.tests.test_bike_admin.TestBikeAdminCrud" name="test_delete_bike" time="0.317" /><testcase classname="backend.tests.test_cms.TestPublicCMS" name="test_bikes_returns_23_no_id" time="0.102" /><testcase classname="backend.tests.test_cms.TestPublicCMS" name="test_hero_slides" time="0.115" /><testcase classname="backend.tests.test_cms.TestPublicCMS" name="test_testimonials" time="0.120" /><testcase classname="backend.tests.test_cms.TestPublicCMS" name="test_services" time="0.107" /><testcase classname="backend.tests.test_cms.TestPublicCMS" name="test_branches_min_4" time="0.104" /><testcase classname="backend.tests.test_cms.TestPublicCMS" name="test_site_settings" time="0.100" /><testcase classname="backend.tests.test_cms.TestCloudinarySignature" name="test_signature_valid_token" time="0.106" /><testcase classname="backend.tests.test_cms.TestCloudinarySignature" name="test_signature_invalid_token" time="0.099" /><testcase classname="backend.tests.test_cms.TestCloudinarySignature" name="test_signature_missing_token" time="0.109" /><testcase classname="backend.tests.test_cms.TestCloudinarySignature" name="test_signature_evil_folder" time="0.102" /><testcase classname="backend.tests.test_cms.TestCloudinarySignature" name="test_signature_custom_punjab_folder" time="3.199" /><testcase classname="backend.tests.test_cms.TestAdminBikesCRUD" name="test_admin_list_bikes" time="19.395" /><testcase classname="backend.tests.test_cms.TestAdminBikesCRUD" name="test_admin_list_requires_auth" time="0.147" /><testcase classname="backend.tests.test_cms.TestAdminBikesCRUD" name="test_create_bike" time="0.101" /><testcase classname="backend.tests.test_cms.TestAdminBikesCRUD" name="test_update_bike" time="0.109" /><testcase classname="backend.tests.test_cms.TestAdminBikesCRUD" name="test_update_persists_via_get" time="0.104" /><testcase classname="backend.tests.test_cms.TestAdminBikesCRUD" name="test_delete_bike" time="0.229" /><testcase classname="backend.tests.test_cms.TestAdminBikesCRUD" name="test_delete_nonexistent" time="0.101" /><testcase classname="backend.tests.test_cms.TestOtherCRUD" name="test_full_crud_cycle[hero-slides-hero_slides-payload0]" time="0.517" /><testcase classname="backend.tests.test_cms.TestOtherCRUD" name="test_full_crud_cycle[branches-branches-payload1]" time="0.534" /><testcase classname="backend.tests.test_cms.TestOtherCRUD" name="test_full_crud_cycle[testimonials-testimonials-payload2]" time="0.536" /><testcase classname="backend.tests.test_cms.TestOtherCRUD" name="test_full_crud_cycle[services-services-payload3]" time="0.536" /><testcase classname="backend.tests.test_cms.TestSiteSettings" name="test_patch_requires_auth" time="0.092" /><testcase classname="backend.tests.test_cms.TestSiteSettings" name="test_patch_persists" time="0.409" /><testcase classname="backend.tests.test_punjab_honda.TestRoot" name="test_root_ok" time="0.101" /><testcase classname="backend.tests.test_punjab_honda.TestBikes" name="test_list_all_bikes_returns_23" time="0.110" /><testcase classname="backend.tests.test_punjab_honda.TestBikes" name="test_filter_motorcycle" time="0.106" /><testcase classname="backend.tests.test_punjab_honda.TestBikes" name="test_filter_scooter" time="0.097" /><testcase classname="backend.tests.test_punjab_honda.TestBikes" name="test_filter_ev" time="0.096" /><testcase classname="backend.tests.test_punjab_honda.TestBikes" name="test_filter_bigwing" time="0.103" /><testcase classname="backend.tests.test_punjab_honda.TestBikes" name="test_get_bike_by_slug_activa125" time="0.106" /><testcase classname="backend.tests.test_punjab_honda.TestBikes" name="test_get_bike_by_slug_shine100_has_colors_and_specs" time="0.103" /><testcase classname="backend.tests.test_punjab_honda.TestBikes" name="test_get_bike_activa_e_ev_specs" time="0.114" /><testcase classname="backend.tests.test_punjab_honda.TestBikes" name="test_get_bike_invalid_slug_404" time="0.115" /><testcase classname="backend.tests.test_punjab_honda.TestBranches" name="test_list_branches" time="0.099" /><testcase classname="backend.tests.test_punjab_honda.TestEnquiries" name="test_create_enquiry_each_type[product_enquiry]" time="0.106" /><testcase classname="backend.tests.test_punjab_honda.TestEnquiries" name="test_create_enquiry_each_type[test_ride]" time="0.118" /><testcase classname="backend.tests.test_punjab_honda.TestEnquiries" name="test_create_enquiry_each_type[quote]" time="0.102" /><testcase classname="backend.tests.test_punjab_honda.TestEnquiries" name="test_create_enquiry_each_type[service_booking]" time="0.098" /><testcase classname="backend.tests.test_punjab_honda.TestEnquiries" name="test_create_enquiry_each_type[insurance]" time="0.111" /><testcase classname="backend.tests.test_punjab_honda.TestEnquiries" name="test_create_enquiry_each_type[contact]" time="0.120" /><testcase classname="backend.tests.test_punjab_honda.TestEnquiries" name="test_create_enquiry_each_type[amc]" time="0.106" /><testcase classname="backend.tests.test_punjab_honda.TestEnquiries" name="test_create_enquiry_invalid_type" time="0.111" /><testcase classname="backend.tests.test_punjab_honda.TestEnquiries" name="test_create_enquiry_missing_required" time="0.115" /><testcase classname="backend.tests.test_punjab_honda.TestAdminAuth" name="test_verify_valid_token" time="0.098" /><testcase classname="backend.tests.test_punjab_honda.TestAdminAuth" name="test_verify_invalid_token" time="0.120" /><testcase classname="backend.tests.test_punjab_honda.TestAdminAuth" name="test_verify_missing_token" time="0.105" /><testcase classname="backend.tests.test_punjab_honda.TestAdminEnquiries" name="test_list_enquiries_requires_auth" time="0.103" /><testcase classname="backend.tests.test_punjab_honda.TestAdminEnquiries" name="test_list_enquiries_with_auth" time="0.123" /><testcase classname="backend.tests.test_punjab_honda.TestAdminEnquiries" name="test_filter_by_type_test_ride" time="0.102" /><testcase classname="backend.tests.test_punjab_honda.TestAdminEnquiries" name="test_filter_by_status_new" time="0.106" /><testcase classname="backend.tests.test_punjab_honda.TestAdminStats" name="test_stats_requires_auth" time="0.103" /><testcase classname="backend.tests.test_punjab_honda.TestAdminStats" name="test_stats_returns_counters" time="0.105" /><testcase classname="backend.tests.test_punjab_honda.TestPatchStatus" name="test_patch_requires_auth" time="0.209" /><testcase classname="backend.tests.test_punjab_honda.TestPatchStatus" name="test_patch_status_to_contacted" time="0.326" /><testcase classname="backend.tests.test_punjab_honda.TestPatchStatus" name="test_patch_status_to_closed" time="0.225" /><testcase classname="backend.tests.test_punjab_honda.TestPatchStatus" name="test_patch_invalid_status" time="0.204" /><testcase classname="backend.tests.test_punjab_honda.TestPatchStatus" name="test_patch_nonexistent_id" time="0.102" /></testsuite></testsuites>