<?xml version="1.0" encoding="utf-8"?><testsuites name="pytest tests"><testsuite name="pytest" errors="0" failures="0" skipped="0" tests="57" time="9.201" timestamp="2026-05-03T11:19:44.203506+00:00" hostname="agent-env-672ea812-b0f3-446b-ab66-156e0a3daa82"><testcase classname="backend.tests.test_cms.TestPublicCMS" name="test_bikes_returns_21_no_id" time="0.294" /><testcase classname="backend.tests.test_cms.TestPublicCMS" name="test_hero_slides" time="0.130" /><testcase classname="backend.tests.test_cms.TestPublicCMS" name="test_testimonials" time="0.138" /><testcase classname="backend.tests.test_cms.TestPublicCMS" name="test_services" time="0.101" /><testcase classname="backend.tests.test_cms.TestPublicCMS" name="test_branches_min_4" time="0.133" /><testcase classname="backend.tests.test_cms.TestPublicCMS" name="test_site_settings" time="0.105" /><testcase classname="backend.tests.test_cms.TestCloudinarySignature" name="test_signature_valid_token" time="0.111" /><testcase classname="backend.tests.test_cms.TestCloudinarySignature" name="test_signature_invalid_token" time="0.163" /><testcase classname="backend.tests.test_cms.TestCloudinarySignature" name="test_signature_missing_token" time="0.096" /><testcase classname="backend.tests.test_cms.TestCloudinarySignature" name="test_signature_evil_folder" time="0.130" /><testcase classname="backend.tests.test_cms.TestCloudinarySignature" name="test_signature_custom_punjab_folder" time="0.098" /><testcase classname="backend.tests.test_cms.TestAdminBikesCRUD" name="test_admin_list_bikes" time="0.134" /><testcase classname="backend.tests.test_cms.TestAdminBikesCRUD" name="test_admin_list_requires_auth" time="0.131" /><testcase classname="backend.tests.test_cms.TestAdminBikesCRUD" name="test_create_bike" time="0.101" /><testcase classname="backend.tests.test_cms.TestAdminBikesCRUD" name="test_update_bike" time="0.103" /><testcase classname="backend.tests.test_cms.TestAdminBikesCRUD" name="test_update_persists_via_get" time="0.134" /><testcase classname="backend.tests.test_cms.TestAdminBikesCRUD" name="test_delete_bike" time="0.215" /><testcase classname="backend.tests.test_cms.TestAdminBikesCRUD" name="test_delete_nonexistent" time="0.099" /><testcase classname="backend.tests.test_cms.TestOtherCRUD" name="test_full_crud_cycle[hero-slides-hero_slides-payload0]" time="0.548" /><testcase classname="backend.tests.test_cms.TestOtherCRUD" name="test_full_crud_cycle[branches-branches-payload1]" time="0.505" /><testcase classname="backend.tests.test_cms.TestOtherCRUD" name="test_full_crud_cycle[testimonials-testimonials-payload2]" time="0.526" /><testcase classname="backend.tests.test_cms.TestOtherCRUD" name="test_full_crud_cycle[services-services-payload3]" time="0.536" /><testcase classname="backend.tests.test_cms.TestSiteSettings" name="test_patch_requires_auth" time="0.108" /><testcase classname="backend.tests.test_cms.TestSiteSettings" name="test_patch_persists" time="0.409" /><testcase classname="backend.tests.test_punjab_honda.TestRoot" name="test_root_ok" time="0.119" /><testcase classname="backend.tests.test_punjab_honda.TestBikes" name="test_list_all_bikes_returns_21" time="0.095" /><testcase classname="backend.tests.test_punjab_honda.TestBikes" name="test_filter_motorcycle" time="0.113" /><testcase classname="backend.tests.test_punjab_honda.TestBikes" name="test_filter_scooter" time="0.101" /><testcase classname="backend.tests.test_punjab_honda.TestBikes" name="test_filter_ev" time="0.101" /><testcase classname="backend.tests.test_punjab_honda.TestBikes" name="test_filter_bigwing" time="0.096" /><testcase classname="backend.tests.test_punjab_honda.TestBikes" name="test_get_bike_by_slug_activa125" time="0.109" /><testcase classname="backend.tests.test_punjab_honda.TestBikes" name="test_get_bike_by_slug_shine125" time="0.101" /><testcase classname="backend.tests.test_punjab_honda.TestBikes" name="test_get_bike_invalid_slug_404" time="0.108" /><testcase classname="backend.tests.test_punjab_honda.TestBranches" name="test_list_branches" time="0.106" /><testcase classname="backend.tests.test_punjab_honda.TestEnquiries" name="test_create_enquiry_each_type[product_enquiry]" time="0.100" /><testcase classname="backend.tests.test_punjab_honda.TestEnquiries" name="test_create_enquiry_each_type[test_ride]" time="0.108" /><testcase classname="backend.tests.test_punjab_honda.TestEnquiries" name="test_create_enquiry_each_type[quote]" time="0.113" /><testcase classname="backend.tests.test_punjab_honda.TestEnquiries" name="test_create_enquiry_each_type[service_booking]" time="0.109" /><testcase classname="backend.tests.test_punjab_honda.TestEnquiries" name="test_create_enquiry_each_type[insurance]" time="0.121" /><testcase classname="backend.tests.test_punjab_honda.TestEnquiries" name="test_create_enquiry_each_type[contact]" time="0.107" /><testcase classname="backend.tests.test_punjab_honda.TestEnquiries" name="test_create_enquiry_each_type[amc]" time="0.108" /><testcase classname="backend.tests.test_punjab_honda.TestEnquiries" name="test_create_enquiry_invalid_type" time="0.135" /><testcase classname="backend.tests.test_punjab_honda.TestEnquiries" name="test_create_enquiry_missing_required" time="0.101" /><testcase classname="backend.tests.test_punjab_honda.TestAdminAuth" name="test_verify_valid_token" time="0.103" /><testcase classname="backend.tests.test_punjab_honda.TestAdminAuth" name="test_verify_invalid_token" time="0.105" /><testcase classname="backend.tests.test_punjab_honda.TestAdminAuth" name="test_verify_missing_token" time="0.104" /><testcase classname="backend.tests.test_punjab_honda.TestAdminEnquiries" name="test_list_enquiries_requires_auth" time="0.100" /><testcase classname="backend.tests.test_punjab_honda.TestAdminEnquiries" name="test_list_enquiries_with_auth" time="0.104" /><testcase classname="backend.tests.test_punjab_honda.TestAdminEnquiries" name="test_filter_by_type_test_ride" time="0.100" /><testcase classname="backend.tests.test_punjab_honda.TestAdminEnquiries" name="test_filter_by_status_new" time="0.108" /><testcase classname="backend.tests.test_punjab_honda.TestAdminStats" name="test_stats_requires_auth" time="0.109" /><testcase classname="backend.tests.test_punjab_honda.TestAdminStats" name="test_stats_returns_counters" time="0.114" /><testcase classname="backend.tests.test_punjab_honda.TestPatchStatus" name="test_patch_requires_auth" time="0.207" /><testcase classname="backend.tests.test_punjab_honda.TestPatchStatus" name="test_patch_status_to_contacted" time="0.319" /><testcase classname="backend.tests.test_punjab_honda.TestPatchStatus" name="test_patch_status_to_closed" time="0.200" /><testcase classname="backend.tests.test_punjab_honda.TestPatchStatus" name="test_patch_invalid_status" time="0.208" /><testcase classname="backend.tests.test_punjab_honda.TestPatchStatus" name="test_patch_nonexistent_id" time="0.102" /></testsuite></testsuites>