<?xml version="1.0" encoding="utf-8"?><testsuites name="pytest tests"><testsuite name="pytest" errors="0" failures="0" skipped="0" tests="33" time="4.617" timestamp="2026-05-03T10:42:36.635418+00:00" hostname="agent-env-672ea812-b0f3-446b-ab66-156e0a3daa82"><testcase classname="backend.tests.test_punjab_honda.TestRoot" name="test_root_ok" time="0.336" /><testcase classname="backend.tests.test_punjab_honda.TestBikes" name="test_list_all_bikes_returns_21" time="0.099" /><testcase classname="backend.tests.test_punjab_honda.TestBikes" name="test_filter_motorcycle" time="0.110" /><testcase classname="backend.tests.test_punjab_honda.TestBikes" name="test_filter_scooter" time="0.143" /><testcase classname="backend.tests.test_punjab_honda.TestBikes" name="test_filter_ev" time="0.136" /><testcase classname="backend.tests.test_punjab_honda.TestBikes" name="test_filter_bigwing" time="0.136" /><testcase classname="backend.tests.test_punjab_honda.TestBikes" name="test_get_bike_by_slug_activa125" time="0.101" /><testcase classname="backend.tests.test_punjab_honda.TestBikes" name="test_get_bike_by_slug_shine125" time="0.098" /><testcase classname="backend.tests.test_punjab_honda.TestBikes" name="test_get_bike_invalid_slug_404" time="0.130" /><testcase classname="backend.tests.test_punjab_honda.TestBranches" name="test_list_branches" time="0.172" /><testcase classname="backend.tests.test_punjab_honda.TestEnquiries" name="test_create_enquiry_each_type[product_enquiry]" time="0.130" /><testcase classname="backend.tests.test_punjab_honda.TestEnquiries" name="test_create_enquiry_each_type[test_ride]" time="0.102" /><testcase classname="backend.tests.test_punjab_honda.TestEnquiries" name="test_create_enquiry_each_type[quote]" time="0.136" /><testcase classname="backend.tests.test_punjab_honda.TestEnquiries" name="test_create_enquiry_each_type[service_booking]" time="0.112" /><testcase classname="backend.tests.test_punjab_honda.TestEnquiries" name="test_create_enquiry_each_type[insurance]" time="0.100" /><testcase classname="backend.tests.test_punjab_honda.TestEnquiries" name="test_create_enquiry_each_type[contact]" time="0.106" /><testcase classname="backend.tests.test_punjab_honda.TestEnquiries" name="test_create_enquiry_each_type[amc]" time="0.105" /><testcase classname="backend.tests.test_punjab_honda.TestEnquiries" name="test_create_enquiry_invalid_type" time="0.105" /><testcase classname="backend.tests.test_punjab_honda.TestEnquiries" name="test_create_enquiry_missing_required" time="0.099" /><testcase classname="backend.tests.test_punjab_honda.TestAdminAuth" name="test_verify_valid_token" time="0.096" /><testcase classname="backend.tests.test_punjab_honda.TestAdminAuth" name="test_verify_invalid_token" time="0.105" /><testcase classname="backend.tests.test_punjab_honda.TestAdminAuth" name="test_verify_missing_token" time="0.154" /><testcase classname="backend.tests.test_punjab_honda.TestAdminEnquiries" name="test_list_enquiries_requires_auth" time="0.096" /><testcase classname="backend.tests.test_punjab_honda.TestAdminEnquiries" name="test_list_enquiries_with_auth" time="0.103" /><testcase classname="backend.tests.test_punjab_honda.TestAdminEnquiries" name="test_filter_by_type_test_ride" time="0.104" /><testcase classname="backend.tests.test_punjab_honda.TestAdminEnquiries" name="test_filter_by_status_new" time="0.121" /><testcase classname="backend.tests.test_punjab_honda.TestAdminStats" name="test_stats_requires_auth" time="0.107" /><testcase classname="backend.tests.test_punjab_honda.TestAdminStats" name="test_stats_returns_counters" time="0.103" /><testcase classname="backend.tests.test_punjab_honda.TestPatchStatus" name="test_patch_requires_auth" time="0.208" /><testcase classname="backend.tests.test_punjab_honda.TestPatchStatus" name="test_patch_status_to_contacted" time="0.336" /><testcase classname="backend.tests.test_punjab_honda.TestPatchStatus" name="test_patch_status_to_closed" time="0.210" /><testcase classname="backend.tests.test_punjab_honda.TestPatchStatus" name="test_patch_invalid_status" time="0.216" /><testcase classname="backend.tests.test_punjab_honda.TestPatchStatus" name="test_patch_nonexistent_id" time="0.105" /></testsuite></testsuites>